0 info it worked if it ends with ok
1 verbose cli [ '/usr/local/bin/node',
1 verbose cli   '/usr/local/bin/npm',
1 verbose cli   'install',
1 verbose cli   '--save-dev',
1 verbose cli   'node-bourbon' ]
2 info using npm@1.4.28
3 info using node@v0.10.32
4 warn package.json Finder@0.0.1 No description
5 warn package.json Finder@0.0.1 No repository field.
6 verbose readDependencies using package.json deps
7 verbose cache add [ 'node-bourbon', null ]
8 verbose cache add name=undefined spec="node-bourbon" args=["node-bourbon",null]
9 verbose parsed url { protocol: null,
9 verbose parsed url   slashes: null,
9 verbose parsed url   auth: null,
9 verbose parsed url   host: null,
9 verbose parsed url   port: null,
9 verbose parsed url   hostname: null,
9 verbose parsed url   hash: null,
9 verbose parsed url   search: null,
9 verbose parsed url   query: null,
9 verbose parsed url   pathname: 'node-bourbon',
9 verbose parsed url   path: 'node-bourbon',
9 verbose parsed url   href: 'node-bourbon' }
10 silly lockFile 00f7582d-node-bourbon node-bourbon
11 verbose lock node-bourbon /home/gethernm/.npm/00f7582d-node-bourbon.lock
12 silly lockFile 00f7582d-node-bourbon node-bourbon
13 silly lockFile 00f7582d-node-bourbon node-bourbon
14 verbose addNamed [ 'node-bourbon', '' ]
15 verbose addNamed [ null, '*' ]
16 silly lockFile bf3cde75-node-bourbon node-bourbon@
17 verbose lock node-bourbon@ /home/gethernm/.npm/bf3cde75-node-bourbon.lock
18 silly addNameRange { name: 'node-bourbon', range: '*', hasData: false }
19 verbose request where is /node-bourbon
20 verbose request registry https://registry.npmjs.org/
21 verbose request id 318bcdd9f82ff7ca
22 verbose url raw /node-bourbon
23 verbose url resolving [ 'https://registry.npmjs.org/', './node-bourbon' ]
24 verbose url resolved https://registry.npmjs.org/node-bourbon
25 verbose request where is https://registry.npmjs.org/node-bourbon
26 info trying registry request attempt 1 at 08:48:55
27 verbose etag "4CYA9CJSIOTYDS0QR5BQBZ8QF"
28 http GET https://registry.npmjs.org/node-bourbon
29 http 200 https://registry.npmjs.org/node-bourbon
30 silly registry.get cb [ 200,
30 silly registry.get   { date: 'Tue, 28 Apr 2015 13:48:55 GMT',
30 silly registry.get     server: 'CouchDB/1.5.0 (Erlang OTP/R16B03)',
30 silly registry.get     etag: '"58JQFMXYN1AH3E0QV82T7074L"',
30 silly registry.get     'content-type': 'application/json',
30 silly registry.get     'cache-control': 'max-age=60',
30 silly registry.get     'content-length': '13970',
30 silly registry.get     'accept-ranges': 'bytes',
30 silly registry.get     via: '1.1 varnish',
30 silly registry.get     age: '0',
30 silly registry.get     'x-served-by': 'cache-dfw1833-DFW',
30 silly registry.get     'x-cache': 'MISS',
30 silly registry.get     'x-cache-hits': '0',
30 silly registry.get     'x-timer': 'S1430228935.778118,VS0,VE45',
30 silly registry.get     vary: 'Accept',
30 silly registry.get     'keep-alive': 'timeout=10, max=50',
30 silly registry.get     connection: 'Keep-Alive' } ]
31 silly addNameRange number 2 { name: 'node-bourbon', range: '*', hasData: true }
32 silly addNameRange versions [ 'node-bourbon',
32 silly addNameRange   [ '0.1.0',
32 silly addNameRange     '1.0.0',
32 silly addNameRange     '1.1.0',
32 silly addNameRange     '1.2.1',
32 silly addNameRange     '1.2.2',
32 silly addNameRange     '1.2.3',
32 silly addNameRange     '4.2.1-beta1' ] ]
33 verbose addNamed [ 'node-bourbon', '4.2.1-beta1' ]
34 verbose addNamed [ '4.2.1-beta1', '4.2.1-beta1' ]
35 silly lockFile 541245a8-node-bourbon-4-2-1-beta1 node-bourbon@4.2.1-beta1
36 verbose lock node-bourbon@4.2.1-beta1 /home/gethernm/.npm/541245a8-node-bourbon-4-2-1-beta1.lock
37 silly lockFile b8ede29b-bon-node-bourbon-4-2-1-beta1-tgz https://registry.npmjs.org/node-bourbon/-/node-bourbon-4.2.1-beta1.tgz
38 verbose lock https://registry.npmjs.org/node-bourbon/-/node-bourbon-4.2.1-beta1.tgz /home/gethernm/.npm/b8ede29b-bon-node-bourbon-4-2-1-beta1-tgz.lock
39 verbose addRemoteTarball [ 'https://registry.npmjs.org/node-bourbon/-/node-bourbon-4.2.1-beta1.tgz',
39 verbose addRemoteTarball   '884f0347b6e45dc12366ce1e664157f242e7a72e' ]
40 info retry fetch attempt 1 at 08:48:55
41 verbose fetch to= /tmp/npm-3399-s4Ev7Pck/registry.npmjs.org/node-bourbon/-/node-bourbon-4.2.1-beta1.tgz
42 http GET https://registry.npmjs.org/node-bourbon/-/node-bourbon-4.2.1-beta1.tgz
43 http 200 https://registry.npmjs.org/node-bourbon/-/node-bourbon-4.2.1-beta1.tgz
44 silly lockFile b8ede29b-bon-node-bourbon-4-2-1-beta1-tgz https://registry.npmjs.org/node-bourbon/-/node-bourbon-4.2.1-beta1.tgz
45 silly lockFile b8ede29b-bon-node-bourbon-4-2-1-beta1-tgz https://registry.npmjs.org/node-bourbon/-/node-bourbon-4.2.1-beta1.tgz
46 silly lockFile 541245a8-node-bourbon-4-2-1-beta1 node-bourbon@4.2.1-beta1
47 silly lockFile 541245a8-node-bourbon-4-2-1-beta1 node-bourbon@4.2.1-beta1
48 silly lockFile bf3cde75-node-bourbon node-bourbon@
49 silly lockFile bf3cde75-node-bourbon node-bourbon@
50 error Error: EACCES, mkdir '/home/gethernm/.npm/node-bourbon/4.2.1-beta1'
50 error  { [Error: EACCES, mkdir '/home/gethernm/.npm/node-bourbon/4.2.1-beta1']
50 error   errno: 3,
50 error   code: 'EACCES',
50 error   path: '/home/gethernm/.npm/node-bourbon/4.2.1-beta1',
50 error   parent: 'Finder' }
51 error Please try running this command again as root/Administrator.
52 error System Linux 3.13.0-24-generic
53 error command "/usr/local/bin/node" "/usr/local/bin/npm" "install" "--save-dev" "node-bourbon"
54 error cwd /home/gethernm/Desktop/ac
55 error node -v v0.10.32
56 error npm -v 1.4.28
57 error path /home/gethernm/.npm/node-bourbon/4.2.1-beta1
58 error code EACCES
59 error errno 3
60 error stack Error: EACCES, mkdir '/home/gethernm/.npm/node-bourbon/4.2.1-beta1'
61 verbose exit [ 3, true ]
